<?xml version="1.0" encoding="UTF-8"?>
<!-- Generated by org.testng.reporters.JUnitReportReporter -->
<testsuite skipped="0" hostname="DESKTOP-MDQS5A3" name="com.TestNG.HrmTngCallMethod" tests="2" failures="0" timestamp="2020-06-04T01:34:42 MST" time="5.377" errors="0">
  <testcase name="login" time="3.549" classname="com.TestNG.HrmTngCallMethod"/>
  <system-out/>
  <testcase name="admin" time="1.828" classname="com.TestNG.HrmTngCallMethod"/>
  <system-out/>
</testsuite> <!-- com.TestNG.HrmTngCallMethod -->
