<?xml version="1.0" encoding="UTF-8"?>
<!-- Generated by org.testng.reporters.JUnitReportReporter -->
<testsuite skipped="0" hostname="DESKTOP-MDQS5A3" name="com.TestNG.ParallelExecution" tests="3" failures="0" timestamp="2020-06-04T10:30:09 MST" time="0.061" errors="0">
  <testcase name="testcase2" time="0.037" classname="com.TestNG.ParallelExecution"/>
  <system-out/>
  <testcase name="testcase1" time="0.016" classname="com.TestNG.ParallelExecution"/>
  <system-out/>
  <testcase name="testcase3" time="0.008" classname="com.TestNG.ParallelExecution"/>
  <system-out/>
</testsuite> <!-- com.TestNG.ParallelExecution -->
