<?xml version="1.0" encoding="UTF-8"?>
<!-- Generated by org.testng.reporters.JUnitReportReporter -->
<testsuite skipped="0" hostname="DESKTOP-MDQS5A3" name="com.TestNG.TestCase1" tests="1" failures="0" timestamp="2020-06-04T10:30:09 MST" time="0.026" errors="0">
  <testcase name="TestCase2" time="0.026" classname="com.TestNG.TestCase1"/>
  <system-out/>
</testsuite> <!-- com.TestNG.TestCase1 -->
