<?xml version="1.0" encoding="UTF-8"?>
<!-- Generated by org.testng.reporters.JUnitReportReporter -->
<testsuite skipped="0" hostname="DESKTOP-MDQS5A3" name="com.TestNG.ParallelExecution1" tests="3" failures="0" timestamp="2020-06-04T10:30:09 MST" time="0.039" errors="0">
  <testcase name="testcase5" time="0.017" classname="com.TestNG.ParallelExecution1"/>
  <system-out/>
  <testcase name="testcase4" time="0.008" classname="com.TestNG.ParallelExecution1"/>
  <system-out/>
  <testcase name="testcase6" time="0.014" classname="com.TestNG.ParallelExecution1"/>
  <system-out/>
</testsuite> <!-- com.TestNG.ParallelExecution1 -->
