<?xml version="1.0" encoding="UTF-8"?>
<!-- Generated by org.testng.reporters.JUnitReportReporter -->
<testsuite skipped="0" hostname="DESKTOP-MDQS5A3" name="com.TestNG.PriorityTestCase" tests="3" failures="0" timestamp="2020-06-04T10:30:09 MST" time="0.019" errors="0">
  <testcase name="testcase3" time="0.015" classname="com.TestNG.PriorityTestCase"/>
  <system-out/>
  <testcase name="testcase1" time="0.000" classname="com.TestNG.PriorityTestCase"/>
  <system-out/>
  <testcase name="testcase2" time="0.004" classname="com.TestNG.PriorityTestCase"/>
  <system-out/>
</testsuite> <!-- com.TestNG.PriorityTestCase -->
