<?xml version="1.0" encoding="UTF-8"?>
<!-- Generated by org.testng.reporters.JUnitReportReporter -->
<testsuite skipped="0" hostname="DESKTOP-MDQS5A3" name="com.TestNG.DependsOnGroups" tests="2" failures="0" timestamp="2020-06-05T02:24:56 MST" time="0.015" errors="0">
  <testcase name="search" time="0.002" classname="com.TestNG.DependsOnGroups"/>
  <system-out/>
  <testcase name="login" time="0.013" classname="com.TestNG.DependsOnGroups"/>
  <system-out/>
</testsuite> <!-- com.TestNG.DependsOnGroups -->
